Arguments: 
  C:\Program Files\nodejs\node.exe C:\Program Files (x86)\Yarn\bin\yarn.js add react-native-easy-grid --save

PATH: 
  C:\Program Files (x86)\Intel\Intel(R) Management Engine Components\iCLS\;C:\Program Files\Intel\Intel(R) Management Engine Components\iCLS\;C:\Windows\system32;C:\Windows;C:\Windows\System32\Wbem;C:\Windows\System32\WindowsPowerShell\v1.0\;C:\Program Files (x86)\Intel\Intel(R) Management Engine Components\DAL;C:\Program Files\Intel\Intel(R) Management Engine Components\DAL;C:\Program Files (x86)\Intel\Intel(R) Management Engine Components\IPT;C:\Program Files\Intel\Intel(R) Management Engine Components\IPT;C:\Program Files (x86)\NVIDIA Corporation\PhysX\Common;C:\Program Files\Intel\WiFi\bin\;C:\Program Files\Common Files\Intel\WirelessCommon\;C:\WINDOWS\system32;C:\WINDOWS;C:\WINDOWS\System32\Wbem;C:\WINDOWS\System32\WindowsPowerShell\v1.0\;C:\Program Files\nodejs\;C:\Program Files\Git\cmd;C:\Program Files (x86)\Yarn\bin\;C:\Users\andres\AppData\Roaming\npm;C:\Users\andres\AppData\Local\Microsoft\WindowsApps;C:\Users\andres\AppData\Local\Yarn\bin;C:\Users\andres\AppData\Local\Programs\Microsoft VS Code\bin;C:\Program Files\Genymobile\Genymotion\tools;C:\Users\andres\AppData\Local\GitHubDesktop\bin

Yarn version: 
  1.9.4

Node version: 
  8.11.3

Platform: 
  win32 x64

Trace: 
  Error: EPERM: operation not permitted, unlink 'C:\Users\andres\Documents\JavaScript_Projects\React-Native\arepas-paka\node_modules\@babel\plugin-transform-classes\node_modules\globals'

npm manifest: 
  {
    "name": "empty-project-template",
    "main": "node_modules/expo/AppEntry.js",
    "private": true,
    "scripts": {
      "start": "expo start",
      "android": "expo start --android",
      "ios": "expo start --ios",
      "eject": "expo eject"
    },
    "dependencies": {
      "@expo/vector-icons": "^6.3.1",
      "expo": "^30.0.1",
      "native-base": "^2.8.0",
      "prop-types": "^15.6.2",
      "react": "16.3.1",
      "react-native": "https://github.com/expo/react-native/archive/sdk-30.0.0.tar.gz",
      "react-native-vector-icons": "^5.0.0",
      "react-navigation": "^2.17.0"
    }
  }

yarn manifest: 
  No manifest

Lockfile: 
  No lockfile
